<?xml version="1.0" encoding="UTF-8"?>
<testsuite name="com.example.epro_practice1.IMovieServiceTest" tests="1" skipped="0" failures="0" errors="0" timestamp="2023-10-22T05:50:11" hostname="CONG" time="0.028">
  <properties/>
  <testcase name="testGetLikedMovie()" classname="com.example.epro_practice1.IMovieServiceTest" time="0.028"/>
  <system-out><![CDATA[12:50:08.968 [Test worker] INFO org.springframework.test.context.support.AnnotationConfigContextLoaderUtils -- Could not detect default configuration classes for test class [com.example.epro_practice1.IMovieServiceTest]: IMovieServiceTest does not declare any static, non-private, non-final, nested classes annotated with @Configuration.
12:50:09.083 [Test worker] INFO org.springframework.boot.test.context.SpringBootTestContextBootstrapper -- Found @SpringBootConfiguration com.example.epro_practice1.EProPractice1Application for test class com.example.epro_practice1.IMovieServiceTest

  .   ____          _            __ _ _
 /\\ / ___'_ __ _ _(_)_ __  __ _ \ \ \ \
( ( )\___ | '_ | '_| | '_ \/ _` | \ \ \ \
 \\/  ___)| |_)| | | | | || (_| |  ) ) ) )
  '  |____| .__|_| |_|_| |_\__, | / / / /
 =========|_|==============|___/=/_/_/_/
 :: Spring Boot ::                (v3.1.5)

2023-10-22T12:50:10.910+07:00  INFO 17980 --- [    Test worker] c.e.epro_practice1.IMovieServiceTest     : Starting IMovieServiceTest using Java 18.0.2.1 with PID 17980 (started by congt in D:\cong\java\ePro_practice1)
2023-10-22T12:50:10.917+07:00  INFO 17980 --- [    Test worker] c.e.epro_practice1.IMovieServiceTest     : No active profile set, falling back to 1 default profile: "default"
2023-10-22T12:50:11.535+07:00  INFO 17980 --- [    Test worker] c.e.epro_practice1.IMovieServiceTest     : Started IMovieServiceTest in 0.999 seconds (process running for 3.609)
]]></system-out>
  <system-err><![CDATA[]]></system-err>
</testsuite>
